# JRE version: Java(TM) SE Runtime Environment (15.0.2+7) (build 15.0.2+7-27)
# Java VM: Java HotSpot(TM) 64-Bit Server VM (15.0.2+7-27, mixed mode, sharing, tiered, compressed oops, g1 gc, windows-amd64)
GC Precious Log:
 CPUs: 8 total, 8 available
 Memory: 6007M
 Large Page Support: Disabled
 NUMA Support: Disabled
 Compressed Oops: Enabled (32-bit)
 Heap Region Size: 1M
 Heap Min Capacity: 8M
 Heap Initial Capacity: 94M
 Heap Max Capacity: 2G
 Pre-touch: Disabled
 Parallel Workers: 8
 Concurrent Workers: 2
 Concurrent Refinement Workers: 8
 Periodic GC: Disabled
Heap:
 garbage-first heap   total 380928K, used 237867K [0x0000000080000000, 0x0000000100000000)
  region size 1024K, 60 young (61440K), 12 survivors (12288K)
 Metaspace       used 114861K, capacity 118493K, committed 118960K, reserved 620544K
  class space    used 14801K, capacity 16014K, committed 16128K, reserved 516096K
GC Heap History (20 events):
Event: 523.326 GC heap before
{Heap before GC invocations=74 (full 0):
 garbage-first heap   total 312320K, used 259990K [0x0000000080000000, 0x0000000100000000)
  region size 1024K, 93 young (95232K), 10 survivors (10240K)
 Metaspace       used 112910K, capacity 116438K, committed 116784K, reserved 618496K
  class space    used 14742K, capacity 15876K, committed 16000K, reserved 516096K
}
Event: 523.431 GC heap after
{Heap after GC invocations=75 (full 0):
 garbage-first heap   total 312320K, used 192105K [0x0000000080000000, 0x0000000100000000)
  region size 1024K, 12 young (12288K), 12 survivors (12288K)
 Metaspace       used 112910K, capacity 116438K, committed 116784K, reserved 618496K
  class space    used 14742K, capacity 15876K, committed 16000K, reserved 516096K
}
Event: 526.900 GC heap before
{Heap before GC invocations=76 (full 0):
 garbage-first heap   total 357376K, used 251497K [0x0000000080000000, 0x0000000100000000)
  region size 1024K, 71 young (72704K), 12 survivors (12288K)
 Metaspace       used 113252K, capacity 116797K, committed 117040K, reserved 618496K
  class space    used 14752K, capacity 15893K, committed 16000K, reserved 516096K
}
Event: 527.181 GC heap after
{Heap after GC invocations=77 (full 0):
 garbage-first heap   total 357376K, used 203571K [0x0000000080000000, 0x0000000100000000)
  region size 1024K, 9 young (9216K), 9 survivors (9216K)
 Metaspace       used 113252K, capacity 116797K, committed 117040K, reserved 618496K
  class space    used 14752K, capacity 15893K, committed 16000K, reserved 516096K
}
Event: 529.022 GC heap before
{Heap before GC invocations=77 (full 0):
 garbage-first heap   total 357376K, used 261939K [0x0000000080000000, 0x0000000100000000)
  region size 1024K, 66 young (67584K), 9 survivors (9216K)
 Metaspace       used 113480K, capacity 117090K, committed 117296K, reserved 618496K
  class space    used 14775K, capacity 15937K, committed 16000K, reserved 516096K
}
Event: 529.101 GC heap after
{Heap after GC invocations=78 (full 0):
 garbage-first heap   total 357376K, used 211847K [0x0000000080000000, 0x0000000100000000)
  region size 1024K, 7 young (7168K), 7 survivors (7168K)
 Metaspace       used 113480K, capacity 117090K, committed 117296K, reserved 618496K
  class space    used 14775K, capacity 15937K, committed 16000K, reserved 516096K
}
Event: 531.801 GC heap before
{Heap before GC invocations=79 (full 0):
 garbage-first heap   total 380928K, used 290695K [0x0000000080000000, 0x0000000100000000)
  region size 1024K, 84 young (86016K), 7 survivors (7168K)
 Metaspace       used 113878K, capacity 117673K, committed 117936K, reserved 618496K
  class space    used 14827K, capacity 16051K, committed 16128K, reserved 516096K
}
Event: 531.836 GC heap after
{Heap after GC invocations=80 (full 0):
 garbage-first heap   total 380928K, used 214768K [0x0000000080000000, 0x0000000100000000)
  region size 1024K, 4 young (4096K), 4 survivors (4096K)
 Metaspace       used 113878K, capacity 117673K, committed 117936K, reserved 618496K
  class space    used 14827K, capacity 16051K, committed 16128K, reserved 516096K
}
Event: 789.692 GC heap before
{Heap before GC invocations=80 (full 0):
 garbage-first heap   total 380928K, used 229104K [0x0000000080000000, 0x0000000100000000)
  region size 1024K, 18 young (18432K), 4 survivors (4096K)
 Metaspace       used 113963K, capacity 117741K, committed 117936K, reserved 618496K
  class space    used 14829K, capacity 16052K, committed 16128K, reserved 516096K
}
Event: 789.897 GC heap after
{Heap after GC invocations=81 (full 0):
 garbage-first heap   total 380928K, used 185946K [0x0000000080000000, 0x0000000100000000)
  region size 1024K, 1 young (1024K), 1 survivors (1024K)
 Metaspace       used 113963K, capacity 117741K, committed 117936K, reserved 618496K
  class space    used 14829K, capacity 16052K, committed 16128K, reserved 516096K
}
Event: 4674.564 GC heap before
{Heap before GC invocations=81 (full 0):
 garbage-first heap   total 380928K, used 303706K [0x0000000080000000, 0x0000000100000000)
  region size 1024K, 116 young (118784K), 1 survivors (1024K)
 Metaspace       used 114216K, capacity 118007K, committed 118192K, reserved 618496K
  class space    used 14830K, capacity 16054K, committed 16128K, reserved 516096K
}
Event: 4674.723 GC heap after
{Heap after GC invocations=82 (full 0):
 garbage-first heap   total 380928K, used 189035K [0x0000000080000000, 0x0000000100000000)
  region size 1024K, 4 young (4096K), 4 survivors (4096K)
 Metaspace       used 114216K, capacity 118007K, committed 118192K, reserved 618496K
  class space    used 14830K, capacity 16054K, committed 16128K, reserved 516096K
}
Event: 4695.515 GC heap before
{Heap before GC invocations=83 (full 0):
 garbage-first heap   total 380928K, used 318059K [0x0000000080000000, 0x0000000100000000)
  region size 1024K, 130 young (133120K), 4 survivors (4096K)
 Metaspace       used 114311K, capacity 117906K, committed 118448K, reserved 618496K
  class space    used 14763K, capacity 15942K, committed 16128K, reserved 516096K
}
Event: 4695.671 GC heap after
{Heap after GC invocations=84 (full 0):
 garbage-first heap   total 380928K, used 215649K [0x0000000080000000, 0x0000000100000000)
  region size 1024K, 17 young (17408K), 17 survivors (17408K)
 Metaspace       used 114311K, capacity 117906K, committed 118448K, reserved 618496K
  class space    used 14763K, capacity 15942K, committed 16128K, reserved 516096K
}
Event: 4695.720 GC heap before
{Heap before GC invocations=84 (full 0):
 garbage-first heap   total 380928K, used 216673K [0x0000000080000000, 0x0000000100000000)
  region size 1024K, 18 young (18432K), 17 survivors (17408K)
 Metaspace       used 114311K, capacity 117906K, committed 118448K, reserved 618496K
  class space    used 14763K, capacity 15942K, committed 16128K, reserved 516096K
}
Event: 4696.330 GC heap after
{Heap after GC invocations=85 (full 0):
 garbage-first heap   total 380928K, used 197209K [0x0000000080000000, 0x0000000100000000)
  region size 1024K, 3 young (3072K), 3 survivors (3072K)
 Metaspace       used 114311K, capacity 117906K, committed 118448K, reserved 618496K
  class space    used 14763K, capacity 15942K, committed 16128K, reserved 516096K
}
Event: 4697.451 GC heap before
{Heap before GC invocations=85 (full 0):
 garbage-first heap   total 380928K, used 212569K [0x0000000080000000, 0x0000000100000000)
  region size 1024K, 18 young (18432K), 3 survivors (3072K)
 Metaspace       used 114333K, capacity 117906K, committed 118448K, reserved 618496K
  class space    used 14763K, capacity 15942K, committed 16128K, reserved 516096K
}
Event: 4697.598 GC heap after
{Heap after GC invocations=86 (full 0):
 garbage-first heap   total 380928K, used 192137K [0x0000000080000000, 0x0000000100000000)
  region size 1024K, 3 young (3072K), 3 survivors (3072K)
 Metaspace       used 114333K, capacity 117906K, committed 118448K, reserved 618496K
  class space    used 14763K, capacity 15942K, committed 16128K, reserved 516096K
}
Event: 4699.994 GC heap before
{Heap before GC invocations=86 (full 0):
 garbage-first heap   total 380928K, used 301705K [0x0000000080000000, 0x0000000100000000)
  region size 1024K, 110 young (112640K), 3 survivors (3072K)
 Metaspace       used 114702K, capacity 118354K, committed 118704K, reserved 620544K
  class space    used 14788K, capacity 15990K, committed 16128K, reserved 516096K
}
Event: 4700.019 GC heap after
{Heap after GC invocations=87 (full 0):
 garbage-first heap   total 380928K, used 202027K [0x0000000080000000, 0x0000000100000000)
  region size 1024K, 12 young (12288K), 12 survivors (12288K)
 Metaspace       used 114702K, capacity 118354K, committed 118704K, reserved 620544K
  class space    used 14788K, capacity 15990K, committed 16128K, reserved 516096K
}

